2023-06-30T13:22:16.765-03:00  INFO 5448 --- [main] i.a.c.p.AwsParamStorePropertySources     : Loading property from AWS Parameter Store with name: /config/null_localstack/, optional: false
2023-06-30T13:22:16.790-03:00 ERROR 5448 --- [main] o.s.boot.SpringApplication               : Application run failed

io.awspring.cloud.paramstore.AwsParamStorePropertySources$AwsParameterPropertySourceNotFoundException: com.amazonaws.services.simplesystemsmanagement.model.AWSSimpleSystemsManagementException: The security token included in the request is invalid. (Service: AWSSimpleSystemsManagement; Status Code: 400; Error Code: UnrecognizedClientException; Request ID: 65838825-55cc-4b71-9935-2c011d5f6bd8; Proxy: null)
	at io.awspring.cloud.paramstore.AwsParamStorePropertySources.createPropertySource(AwsParamStorePropertySources.java:105) ~[spring-cloud-aws-parameter-store-config-2.4.2.jar:2.4.2]
	at io.awspring.cloud.paramstore.AwsParamStorePropertySourceLocator.locate(AwsParamStorePropertySourceLocator.java:87) ~[spring-cloud-aws-parameter-store-config-2.4.2.jar:2.4.2]
	at org.springframework.cloud.bootstrap.config.PropertySourceLocator.locateCollection(PropertySourceLocator.java:50) ~[spring-cloud-context-4.0.3.jar:4.0.3]
	at org.springframework.cloud.bootstrap.config.PropertySourceLocator.locateCollection(PropertySourceLocator.java:46) ~[spring-cloud-context-4.0.3.jar:4.0.3]
	at org.springframework.cloud.bootstrap.config.PropertySourceBootstrapConfiguration.doInitialize(PropertySourceBootstrapConfiguration.java:121) ~[spring-cloud-context-4.0.3.jar:4.0.3]
	at org.springframework.cloud.bootstrap.config.PropertySourceBootstrapConfiguration.initialize(PropertySourceBootstrapConfiguration.java:111) ~[spring-cloud-context-4.0.3.jar:4.0.3]
	at org.springframework.boot.SpringApplication.applyInitializers(SpringApplication.java:607) ~[spring-boot-3.1.1.jar:3.1.1]
	at org.springframework.boot.SpringApplication.prepareContext(SpringApplication.java:387) ~[spring-boot-3.1.1.jar:3.1.1]
	at org.springframework.boot.SpringApplication.run(SpringApplication.java:311) ~[spring-boot-3.1.1.jar:3.1.1]
	at org.springframework.boot.SpringApplication.run(SpringApplication.java:1306) ~[spring-boot-3.1.1.jar:3.1.1]
	at org.springframework.boot.SpringApplication.run(SpringApplication.java:1295) ~[spring-boot-3.1.1.jar:3.1.1]
	at br.com.matheusotto.SpringBootLocalstackApplication.main(SpringBootLocalstackApplication.java:10) ~[classes/:na]
Caused by: com.amazonaws.services.simplesystemsmanagement.model.AWSSimpleSystemsManagementException: The security token included in the request is invalid. (Service: AWSSimpleSystemsManagement; Status Code: 400; Error Code: UnrecognizedClientException; Request ID: 65838825-55cc-4b71-9935-2c011d5f6bd8; Proxy: null)
	at com.amazonaws.http.AmazonHttpClient$RequestExecutor.handleErrorResponse(AmazonHttpClient.java:1879) ~[aws-java-sdk-core-1.12.266.jar:na]
	at com.amazonaws.http.AmazonHttpClient$RequestExecutor.handleServiceErrorResponse(AmazonHttpClient.java:1418) ~[aws-java-sdk-core-1.12.266.jar:na]
	at com.amazonaws.http.AmazonHttpClient$RequestExecutor.executeOneRequest(AmazonHttpClient.java:1387) ~[aws-java-sdk-core-1.12.266.jar:na]
	at com.amazonaws.http.AmazonHttpClient$RequestExecutor.executeHelper(AmazonHttpClient.java:1157) ~[aws-java-sdk-core-1.12.266.jar:na]
	at com.amazonaws.http.AmazonHttpClient$RequestExecutor.doExecute(AmazonHttpClient.java:814) ~[aws-java-sdk-core-1.12.266.jar:na]
	at com.amazonaws.http.AmazonHttpClient$RequestExecutor.executeWithTimer(AmazonHttpClient.java:781) ~[aws-java-sdk-core-1.12.266.jar:na]
	at com.amazonaws.http.AmazonHttpClient$RequestExecutor.execute(AmazonHttpClient.java:755) ~[aws-java-sdk-core-1.12.266.jar:na]
	at com.amazonaws.http.AmazonHttpClient$RequestExecutor.access$500(AmazonHttpClient.java:715) ~[aws-java-sdk-core-1.12.266.jar:na]
	at com.amazonaws.http.AmazonHttpClient$RequestExecutionBuilderImpl.execute(AmazonHttpClient.java:697) ~[aws-java-sdk-core-1.12.266.jar:na]
	at com.amazonaws.http.AmazonHttpClient.execute(AmazonHttpClient.java:561) ~[aws-java-sdk-core-1.12.266.jar:na]
	at com.amazonaws.http.AmazonHttpClient.execute(AmazonHttpClient.java:541) ~[aws-java-sdk-core-1.12.266.jar:na]
	at com.amazonaws.services.simplesystemsmanagement.AWSSimpleSystemsManagementClient.doInvoke(AWSSimpleSystemsManagementClient.java:10857) ~[aws-java-sdk-ssm-1.12.266.jar:na]
	at com.amazonaws.services.simplesystemsmanagement.AWSSimpleSystemsManagementClient.invoke(AWSSimpleSystemsManagementClient.java:10824) ~[aws-java-sdk-ssm-1.12.266.jar:na]
	at com.amazonaws.services.simplesystemsmanagement.AWSSimpleSystemsManagementClient.invoke(AWSSimpleSystemsManagementClient.java:10813) ~[aws-java-sdk-ssm-1.12.266.jar:na]
	at com.amazonaws.services.simplesystemsmanagement.AWSSimpleSystemsManagementClient.executeGetParametersByPath(AWSSimpleSystemsManagementClient.java:6568) ~[aws-java-sdk-ssm-1.12.266.jar:na]
	at com.amazonaws.services.simplesystemsmanagement.AWSSimpleSystemsManagementClient.getParametersByPath(AWSSimpleSystemsManagementClient.java:6537) ~[aws-java-sdk-ssm-1.12.266.jar:na]
	at io.awspring.cloud.paramstore.AwsParamStorePropertySource.getParameters(AwsParamStorePropertySource.java:69) ~[spring-cloud-aws-parameter-store-config-2.4.2.jar:2.4.2]
	at io.awspring.cloud.paramstore.AwsParamStorePropertySource.init(AwsParamStorePropertySource.java:55) ~[spring-cloud-aws-parameter-store-config-2.4.2.jar:2.4.2]
	at io.awspring.cloud.paramstore.AwsParamStorePropertySources.createPropertySource(AwsParamStorePropertySources.java:99) ~[spring-cloud-aws-parameter-store-config-2.4.2.jar:2.4.2]
	... 11 common frames omitted

2023-06-30T13:23:34.830-03:00  INFO 13120 --- [main] i.a.c.p.AwsParamStorePropertySources     : Loading property from AWS Parameter Store with name: /config/null_localstack/, optional: false
2023-06-30T13:23:34.860-03:00 ERROR 13120 --- [main] o.s.boot.SpringApplication               : Application run failed

io.awspring.cloud.paramstore.AwsParamStorePropertySources$AwsParameterPropertySourceNotFoundException: com.amazonaws.services.simplesystemsmanagement.model.AWSSimpleSystemsManagementException: The security token included in the request is invalid. (Service: AWSSimpleSystemsManagement; Status Code: 400; Error Code: UnrecognizedClientException; Request ID: bc98c4a3-d48a-43bf-b51c-da8d04d5a815; Proxy: null)
	at io.awspring.cloud.paramstore.AwsParamStorePropertySources.createPropertySource(AwsParamStorePropertySources.java:105) ~[spring-cloud-aws-parameter-store-config-2.4.2.jar:2.4.2]
	at io.awspring.cloud.paramstore.AwsParamStorePropertySourceLocator.locate(AwsParamStorePropertySourceLocator.java:87) ~[spring-cloud-aws-parameter-store-config-2.4.2.jar:2.4.2]
	at org.springframework.cloud.bootstrap.config.PropertySourceLocator.locateCollection(PropertySourceLocator.java:50) ~[spring-cloud-context-4.0.3.jar:4.0.3]
	at org.springframework.cloud.bootstrap.config.PropertySourceLocator.locateCollection(PropertySourceLocator.java:46) ~[spring-cloud-context-4.0.3.jar:4.0.3]
	at org.springframework.cloud.bootstrap.config.PropertySourceBootstrapConfiguration.doInitialize(PropertySourceBootstrapConfiguration.java:121) ~[spring-cloud-context-4.0.3.jar:4.0.3]
	at org.springframework.cloud.bootstrap.config.PropertySourceBootstrapConfiguration.initialize(PropertySourceBootstrapConfiguration.java:111) ~[spring-cloud-context-4.0.3.jar:4.0.3]
	at org.springframework.boot.SpringApplication.applyInitializers(SpringApplication.java:607) ~[spring-boot-3.1.1.jar:3.1.1]
	at org.springframework.boot.SpringApplication.prepareContext(SpringApplication.java:387) ~[spring-boot-3.1.1.jar:3.1.1]
	at org.springframework.boot.SpringApplication.run(SpringApplication.java:311) ~[spring-boot-3.1.1.jar:3.1.1]
	at org.springframework.boot.SpringApplication.run(SpringApplication.java:1306) ~[spring-boot-3.1.1.jar:3.1.1]
	at org.springframework.boot.SpringApplication.run(SpringApplication.java:1295) ~[spring-boot-3.1.1.jar:3.1.1]
	at br.com.matheusotto.SpringBootLocalstackApplication.main(SpringBootLocalstackApplication.java:10) ~[classes/:na]
Caused by: com.amazonaws.services.simplesystemsmanagement.model.AWSSimpleSystemsManagementException: The security token included in the request is invalid. (Service: AWSSimpleSystemsManagement; Status Code: 400; Error Code: UnrecognizedClientException; Request ID: bc98c4a3-d48a-43bf-b51c-da8d04d5a815; Proxy: null)
	at com.amazonaws.http.AmazonHttpClient$RequestExecutor.handleErrorResponse(AmazonHttpClient.java:1879) ~[aws-java-sdk-core-1.12.266.jar:na]
	at com.amazonaws.http.AmazonHttpClient$RequestExecutor.handleServiceErrorResponse(AmazonHttpClient.java:1418) ~[aws-java-sdk-core-1.12.266.jar:na]
	at com.amazonaws.http.AmazonHttpClient$RequestExecutor.executeOneRequest(AmazonHttpClient.java:1387) ~[aws-java-sdk-core-1.12.266.jar:na]
	at com.amazonaws.http.AmazonHttpClient$RequestExecutor.executeHelper(AmazonHttpClient.java:1157) ~[aws-java-sdk-core-1.12.266.jar:na]
	at com.amazonaws.http.AmazonHttpClient$RequestExecutor.doExecute(AmazonHttpClient.java:814) ~[aws-java-sdk-core-1.12.266.jar:na]
	at com.amazonaws.http.AmazonHttpClient$RequestExecutor.executeWithTimer(AmazonHttpClient.java:781) ~[aws-java-sdk-core-1.12.266.jar:na]
	at com.amazonaws.http.AmazonHttpClient$RequestExecutor.execute(AmazonHttpClient.java:755) ~[aws-java-sdk-core-1.12.266.jar:na]
	at com.amazonaws.http.AmazonHttpClient$RequestExecutor.access$500(AmazonHttpClient.java:715) ~[aws-java-sdk-core-1.12.266.jar:na]
	at com.amazonaws.http.AmazonHttpClient$RequestExecutionBuilderImpl.execute(AmazonHttpClient.java:697) ~[aws-java-sdk-core-1.12.266.jar:na]
	at com.amazonaws.http.AmazonHttpClient.execute(AmazonHttpClient.java:561) ~[aws-java-sdk-core-1.12.266.jar:na]
	at com.amazonaws.http.AmazonHttpClient.execute(AmazonHttpClient.java:541) ~[aws-java-sdk-core-1.12.266.jar:na]
	at com.amazonaws.services.simplesystemsmanagement.AWSSimpleSystemsManagementClient.doInvoke(AWSSimpleSystemsManagementClient.java:10857) ~[aws-java-sdk-ssm-1.12.266.jar:na]
	at com.amazonaws.services.simplesystemsmanagement.AWSSimpleSystemsManagementClient.invoke(AWSSimpleSystemsManagementClient.java:10824) ~[aws-java-sdk-ssm-1.12.266.jar:na]
	at com.amazonaws.services.simplesystemsmanagement.AWSSimpleSystemsManagementClient.invoke(AWSSimpleSystemsManagementClient.java:10813) ~[aws-java-sdk-ssm-1.12.266.jar:na]
	at com.amazonaws.services.simplesystemsmanagement.AWSSimpleSystemsManagementClient.executeGetParametersByPath(AWSSimpleSystemsManagementClient.java:6568) ~[aws-java-sdk-ssm-1.12.266.jar:na]
	at com.amazonaws.services.simplesystemsmanagement.AWSSimpleSystemsManagementClient.getParametersByPath(AWSSimpleSystemsManagementClient.java:6537) ~[aws-java-sdk-ssm-1.12.266.jar:na]
	at io.awspring.cloud.paramstore.AwsParamStorePropertySource.getParameters(AwsParamStorePropertySource.java:69) ~[spring-cloud-aws-parameter-store-config-2.4.2.jar:2.4.2]
	at io.awspring.cloud.paramstore.AwsParamStorePropertySource.init(AwsParamStorePropertySource.java:55) ~[spring-cloud-aws-parameter-store-config-2.4.2.jar:2.4.2]
	at io.awspring.cloud.paramstore.AwsParamStorePropertySources.createPropertySource(AwsParamStorePropertySources.java:99) ~[spring-cloud-aws-parameter-store-config-2.4.2.jar:2.4.2]
	... 11 common frames omitted

2023-06-30T13:24:58.971-03:00  INFO 2548 --- [main] i.a.c.p.AwsParamStorePropertySources     : Loading property from AWS Parameter Store with name: /config/null_localstack/, optional: false
2023-06-30T13:24:59.011-03:00 ERROR 2548 --- [main] o.s.boot.SpringApplication               : Application run failed

io.awspring.cloud.paramstore.AwsParamStorePropertySources$AwsParameterPropertySourceNotFoundException: com.amazonaws.services.simplesystemsmanagement.model.AWSSimpleSystemsManagementException: The security token included in the request is invalid. (Service: AWSSimpleSystemsManagement; Status Code: 400; Error Code: UnrecognizedClientException; Request ID: 96d86484-f020-4f63-99bb-66518a16b4ad; Proxy: null)
	at io.awspring.cloud.paramstore.AwsParamStorePropertySources.createPropertySource(AwsParamStorePropertySources.java:105) ~[spring-cloud-aws-parameter-store-config-2.4.2.jar:2.4.2]
	at io.awspring.cloud.paramstore.AwsParamStorePropertySourceLocator.locate(AwsParamStorePropertySourceLocator.java:87) ~[spring-cloud-aws-parameter-store-config-2.4.2.jar:2.4.2]
	at org.springframework.cloud.bootstrap.config.PropertySourceLocator.locateCollection(PropertySourceLocator.java:50) ~[spring-cloud-context-4.0.3.jar:4.0.3]
	at org.springframework.cloud.bootstrap.config.PropertySourceLocator.locateCollection(PropertySourceLocator.java:46) ~[spring-cloud-context-4.0.3.jar:4.0.3]
	at org.springframework.cloud.bootstrap.config.PropertySourceBootstrapConfiguration.doInitialize(PropertySourceBootstrapConfiguration.java:121) ~[spring-cloud-context-4.0.3.jar:4.0.3]
	at org.springframework.cloud.bootstrap.config.PropertySourceBootstrapConfiguration.initialize(PropertySourceBootstrapConfiguration.java:111) ~[spring-cloud-context-4.0.3.jar:4.0.3]
	at org.springframework.boot.SpringApplication.applyInitializers(SpringApplication.java:607) ~[spring-boot-3.1.1.jar:3.1.1]
	at org.springframework.boot.SpringApplication.prepareContext(SpringApplication.java:387) ~[spring-boot-3.1.1.jar:3.1.1]
	at org.springframework.boot.SpringApplication.run(SpringApplication.java:311) ~[spring-boot-3.1.1.jar:3.1.1]
	at org.springframework.boot.SpringApplication.run(SpringApplication.java:1306) ~[spring-boot-3.1.1.jar:3.1.1]
	at org.springframework.boot.SpringApplication.run(SpringApplication.java:1295) ~[spring-boot-3.1.1.jar:3.1.1]
	at br.com.matheusotto.SpringBootLocalstackApplication.main(SpringBootLocalstackApplication.java:10) ~[classes/:na]
Caused by: com.amazonaws.services.simplesystemsmanagement.model.AWSSimpleSystemsManagementException: The security token included in the request is invalid. (Service: AWSSimpleSystemsManagement; Status Code: 400; Error Code: UnrecognizedClientException; Request ID: 96d86484-f020-4f63-99bb-66518a16b4ad; Proxy: null)
	at com.amazonaws.http.AmazonHttpClient$RequestExecutor.handleErrorResponse(AmazonHttpClient.java:1879) ~[aws-java-sdk-core-1.12.266.jar:na]
	at com.amazonaws.http.AmazonHttpClient$RequestExecutor.handleServiceErrorResponse(AmazonHttpClient.java:1418) ~[aws-java-sdk-core-1.12.266.jar:na]
	at com.amazonaws.http.AmazonHttpClient$RequestExecutor.executeOneRequest(AmazonHttpClient.java:1387) ~[aws-java-sdk-core-1.12.266.jar:na]
	at com.amazonaws.http.AmazonHttpClient$RequestExecutor.executeHelper(AmazonHttpClient.java:1157) ~[aws-java-sdk-core-1.12.266.jar:na]
	at com.amazonaws.http.AmazonHttpClient$RequestExecutor.doExecute(AmazonHttpClient.java:814) ~[aws-java-sdk-core-1.12.266.jar:na]
	at com.amazonaws.http.AmazonHttpClient$RequestExecutor.executeWithTimer(AmazonHttpClient.java:781) ~[aws-java-sdk-core-1.12.266.jar:na]
	at com.amazonaws.http.AmazonHttpClient$RequestExecutor.execute(AmazonHttpClient.java:755) ~[aws-java-sdk-core-1.12.266.jar:na]
	at com.amazonaws.http.AmazonHttpClient$RequestExecutor.access$500(AmazonHttpClient.java:715) ~[aws-java-sdk-core-1.12.266.jar:na]
	at com.amazonaws.http.AmazonHttpClient$RequestExecutionBuilderImpl.execute(AmazonHttpClient.java:697) ~[aws-java-sdk-core-1.12.266.jar:na]
	at com.amazonaws.http.AmazonHttpClient.execute(AmazonHttpClient.java:561) ~[aws-java-sdk-core-1.12.266.jar:na]
	at com.amazonaws.http.AmazonHttpClient.execute(AmazonHttpClient.java:541) ~[aws-java-sdk-core-1.12.266.jar:na]
	at com.amazonaws.services.simplesystemsmanagement.AWSSimpleSystemsManagementClient.doInvoke(AWSSimpleSystemsManagementClient.java:10857) ~[aws-java-sdk-ssm-1.12.266.jar:na]
	at com.amazonaws.services.simplesystemsmanagement.AWSSimpleSystemsManagementClient.invoke(AWSSimpleSystemsManagementClient.java:10824) ~[aws-java-sdk-ssm-1.12.266.jar:na]
	at com.amazonaws.services.simplesystemsmanagement.AWSSimpleSystemsManagementClient.invoke(AWSSimpleSystemsManagementClient.java:10813) ~[aws-java-sdk-ssm-1.12.266.jar:na]
	at com.amazonaws.services.simplesystemsmanagement.AWSSimpleSystemsManagementClient.executeGetParametersByPath(AWSSimpleSystemsManagementClient.java:6568) ~[aws-java-sdk-ssm-1.12.266.jar:na]
	at com.amazonaws.services.simplesystemsmanagement.AWSSimpleSystemsManagementClient.getParametersByPath(AWSSimpleSystemsManagementClient.java:6537) ~[aws-java-sdk-ssm-1.12.266.jar:na]
	at io.awspring.cloud.paramstore.AwsParamStorePropertySource.getParameters(AwsParamStorePropertySource.java:69) ~[spring-cloud-aws-parameter-store-config-2.4.2.jar:2.4.2]
	at io.awspring.cloud.paramstore.AwsParamStorePropertySource.init(AwsParamStorePropertySource.java:55) ~[spring-cloud-aws-parameter-store-config-2.4.2.jar:2.4.2]
	at io.awspring.cloud.paramstore.AwsParamStorePropertySources.createPropertySource(AwsParamStorePropertySources.java:99) ~[spring-cloud-aws-parameter-store-config-2.4.2.jar:2.4.2]
	... 11 common frames omitted

2023-06-30T14:00:39.889-03:00  INFO 13372 --- [main] i.a.c.p.AwsParamStorePropertySources     : Loading property from AWS Parameter Store with name: /config/null_localstack/, optional: false
2023-06-30T14:00:39.931-03:00 ERROR 13372 --- [main] o.s.boot.SpringApplication               : Application run failed

io.awspring.cloud.paramstore.AwsParamStorePropertySources$AwsParameterPropertySourceNotFoundException: com.amazonaws.services.simplesystemsmanagement.model.AWSSimpleSystemsManagementException: The security token included in the request is invalid. (Service: AWSSimpleSystemsManagement; Status Code: 400; Error Code: UnrecognizedClientException; Request ID: 8dbcd147-65bd-44cc-81e1-225e1c0b70cb; Proxy: null)
	at io.awspring.cloud.paramstore.AwsParamStorePropertySources.createPropertySource(AwsParamStorePropertySources.java:105) ~[spring-cloud-aws-parameter-store-config-2.4.2.jar:2.4.2]
	at io.awspring.cloud.paramstore.AwsParamStorePropertySourceLocator.locate(AwsParamStorePropertySourceLocator.java:87) ~[spring-cloud-aws-parameter-store-config-2.4.2.jar:2.4.2]
	at org.springframework.cloud.bootstrap.config.PropertySourceLocator.locateCollection(PropertySourceLocator.java:50) ~[spring-cloud-context-4.0.3.jar:4.0.3]
	at org.springframework.cloud.bootstrap.config.PropertySourceLocator.locateCollection(PropertySourceLocator.java:46) ~[spring-cloud-context-4.0.3.jar:4.0.3]
	at org.springframework.cloud.bootstrap.config.PropertySourceBootstrapConfiguration.doInitialize(PropertySourceBootstrapConfiguration.java:121) ~[spring-cloud-context-4.0.3.jar:4.0.3]
	at org.springframework.cloud.bootstrap.config.PropertySourceBootstrapConfiguration.initialize(PropertySourceBootstrapConfiguration.java:111) ~[spring-cloud-context-4.0.3.jar:4.0.3]
	at org.springframework.boot.SpringApplication.applyInitializers(SpringApplication.java:607) ~[spring-boot-3.1.1.jar:3.1.1]
	at org.springframework.boot.SpringApplication.prepareContext(SpringApplication.java:387) ~[spring-boot-3.1.1.jar:3.1.1]
	at org.springframework.boot.SpringApplication.run(SpringApplication.java:311) ~[spring-boot-3.1.1.jar:3.1.1]
	at org.springframework.boot.SpringApplication.run(SpringApplication.java:1306) ~[spring-boot-3.1.1.jar:3.1.1]
	at org.springframework.boot.SpringApplication.run(SpringApplication.java:1295) ~[spring-boot-3.1.1.jar:3.1.1]
	at br.com.matheusotto.SpringBootLocalstackApplication.main(SpringBootLocalstackApplication.java:10) ~[classes/:na]
Caused by: com.amazonaws.services.simplesystemsmanagement.model.AWSSimpleSystemsManagementException: The security token included in the request is invalid. (Service: AWSSimpleSystemsManagement; Status Code: 400; Error Code: UnrecognizedClientException; Request ID: 8dbcd147-65bd-44cc-81e1-225e1c0b70cb; Proxy: null)
	at com.amazonaws.http.AmazonHttpClient$RequestExecutor.handleErrorResponse(AmazonHttpClient.java:1879) ~[aws-java-sdk-core-1.12.266.jar:na]
	at com.amazonaws.http.AmazonHttpClient$RequestExecutor.handleServiceErrorResponse(AmazonHttpClient.java:1418) ~[aws-java-sdk-core-1.12.266.jar:na]
	at com.amazonaws.http.AmazonHttpClient$RequestExecutor.executeOneRequest(AmazonHttpClient.java:1387) ~[aws-java-sdk-core-1.12.266.jar:na]
	at com.amazonaws.http.AmazonHttpClient$RequestExecutor.executeHelper(AmazonHttpClient.java:1157) ~[aws-java-sdk-core-1.12.266.jar:na]
	at com.amazonaws.http.AmazonHttpClient$RequestExecutor.doExecute(AmazonHttpClient.java:814) ~[aws-java-sdk-core-1.12.266.jar:na]
	at com.amazonaws.http.AmazonHttpClient$RequestExecutor.executeWithTimer(AmazonHttpClient.java:781) ~[aws-java-sdk-core-1.12.266.jar:na]
	at com.amazonaws.http.AmazonHttpClient$RequestExecutor.execute(AmazonHttpClient.java:755) ~[aws-java-sdk-core-1.12.266.jar:na]
	at com.amazonaws.http.AmazonHttpClient$RequestExecutor.access$500(AmazonHttpClient.java:715) ~[aws-java-sdk-core-1.12.266.jar:na]
	at com.amazonaws.http.AmazonHttpClient$RequestExecutionBuilderImpl.execute(AmazonHttpClient.java:697) ~[aws-java-sdk-core-1.12.266.jar:na]
	at com.amazonaws.http.AmazonHttpClient.execute(AmazonHttpClient.java:561) ~[aws-java-sdk-core-1.12.266.jar:na]
	at com.amazonaws.http.AmazonHttpClient.execute(AmazonHttpClient.java:541) ~[aws-java-sdk-core-1.12.266.jar:na]
	at com.amazonaws.services.simplesystemsmanagement.AWSSimpleSystemsManagementClient.doInvoke(AWSSimpleSystemsManagementClient.java:10857) ~[aws-java-sdk-ssm-1.12.266.jar:na]
	at com.amazonaws.services.simplesystemsmanagement.AWSSimpleSystemsManagementClient.invoke(AWSSimpleSystemsManagementClient.java:10824) ~[aws-java-sdk-ssm-1.12.266.jar:na]
	at com.amazonaws.services.simplesystemsmanagement.AWSSimpleSystemsManagementClient.invoke(AWSSimpleSystemsManagementClient.java:10813) ~[aws-java-sdk-ssm-1.12.266.jar:na]
	at com.amazonaws.services.simplesystemsmanagement.AWSSimpleSystemsManagementClient.executeGetParametersByPath(AWSSimpleSystemsManagementClient.java:6568) ~[aws-java-sdk-ssm-1.12.266.jar:na]
	at com.amazonaws.services.simplesystemsmanagement.AWSSimpleSystemsManagementClient.getParametersByPath(AWSSimpleSystemsManagementClient.java:6537) ~[aws-java-sdk-ssm-1.12.266.jar:na]
	at io.awspring.cloud.paramstore.AwsParamStorePropertySource.getParameters(AwsParamStorePropertySource.java:69) ~[spring-cloud-aws-parameter-store-config-2.4.2.jar:2.4.2]
	at io.awspring.cloud.paramstore.AwsParamStorePropertySource.init(AwsParamStorePropertySource.java:55) ~[spring-cloud-aws-parameter-store-config-2.4.2.jar:2.4.2]
	at io.awspring.cloud.paramstore.AwsParamStorePropertySources.createPropertySource(AwsParamStorePropertySources.java:99) ~[spring-cloud-aws-parameter-store-config-2.4.2.jar:2.4.2]
	... 11 common frames omitted

2023-06-30T14:01:06.778-03:00  INFO 13624 --- [main] i.a.c.p.AwsParamStorePropertySources     : Loading property from AWS Parameter Store with name: /config/null_localstack/, optional: false
2023-06-30T14:01:06.810-03:00 ERROR 13624 --- [main] o.s.boot.SpringApplication               : Application run failed

io.awspring.cloud.paramstore.AwsParamStorePropertySources$AwsParameterPropertySourceNotFoundException: com.amazonaws.services.simplesystemsmanagement.model.AWSSimpleSystemsManagementException: The security token included in the request is invalid. (Service: AWSSimpleSystemsManagement; Status Code: 400; Error Code: UnrecognizedClientException; Request ID: 8f8a5b51-d316-4d2a-ab1f-f74b1ebc749e; Proxy: null)
	at io.awspring.cloud.paramstore.AwsParamStorePropertySources.createPropertySource(AwsParamStorePropertySources.java:105) ~[spring-cloud-aws-parameter-store-config-2.4.2.jar:2.4.2]
	at io.awspring.cloud.paramstore.AwsParamStorePropertySourceLocator.locate(AwsParamStorePropertySourceLocator.java:87) ~[spring-cloud-aws-parameter-store-config-2.4.2.jar:2.4.2]
	at org.springframework.cloud.bootstrap.config.PropertySourceLocator.locateCollection(PropertySourceLocator.java:50) ~[spring-cloud-context-4.0.3.jar:4.0.3]
	at org.springframework.cloud.bootstrap.config.PropertySourceLocator.locateCollection(PropertySourceLocator.java:46) ~[spring-cloud-context-4.0.3.jar:4.0.3]
	at org.springframework.cloud.bootstrap.config.PropertySourceBootstrapConfiguration.doInitialize(PropertySourceBootstrapConfiguration.java:121) ~[spring-cloud-context-4.0.3.jar:4.0.3]
	at org.springframework.cloud.bootstrap.config.PropertySourceBootstrapConfiguration.initialize(PropertySourceBootstrapConfiguration.java:111) ~[spring-cloud-context-4.0.3.jar:4.0.3]
	at org.springframework.boot.SpringApplication.applyInitializers(SpringApplication.java:607) ~[spring-boot-3.1.1.jar:3.1.1]
	at org.springframework.boot.SpringApplication.prepareContext(SpringApplication.java:387) ~[spring-boot-3.1.1.jar:3.1.1]
	at org.springframework.boot.SpringApplication.run(SpringApplication.java:311) ~[spring-boot-3.1.1.jar:3.1.1]
	at org.springframework.boot.SpringApplication.run(SpringApplication.java:1306) ~[spring-boot-3.1.1.jar:3.1.1]
	at org.springframework.boot.SpringApplication.run(SpringApplication.java:1295) ~[spring-boot-3.1.1.jar:3.1.1]
	at br.com.matheusotto.SpringBootLocalstackApplication.main(SpringBootLocalstackApplication.java:10) ~[classes/:na]
Caused by: com.amazonaws.services.simplesystemsmanagement.model.AWSSimpleSystemsManagementException: The security token included in the request is invalid. (Service: AWSSimpleSystemsManagement; Status Code: 400; Error Code: UnrecognizedClientException; Request ID: 8f8a5b51-d316-4d2a-ab1f-f74b1ebc749e; Proxy: null)
	at com.amazonaws.http.AmazonHttpClient$RequestExecutor.handleErrorResponse(AmazonHttpClient.java:1879) ~[aws-java-sdk-core-1.12.266.jar:na]
	at com.amazonaws.http.AmazonHttpClient$RequestExecutor.handleServiceErrorResponse(AmazonHttpClient.java:1418) ~[aws-java-sdk-core-1.12.266.jar:na]
	at com.amazonaws.http.AmazonHttpClient$RequestExecutor.executeOneRequest(AmazonHttpClient.java:1387) ~[aws-java-sdk-core-1.12.266.jar:na]
	at com.amazonaws.http.AmazonHttpClient$RequestExecutor.executeHelper(AmazonHttpClient.java:1157) ~[aws-java-sdk-core-1.12.266.jar:na]
	at com.amazonaws.http.AmazonHttpClient$RequestExecutor.doExecute(AmazonHttpClient.java:814) ~[aws-java-sdk-core-1.12.266.jar:na]
	at com.amazonaws.http.AmazonHttpClient$RequestExecutor.executeWithTimer(AmazonHttpClient.java:781) ~[aws-java-sdk-core-1.12.266.jar:na]
	at com.amazonaws.http.AmazonHttpClient$RequestExecutor.execute(AmazonHttpClient.java:755) ~[aws-java-sdk-core-1.12.266.jar:na]
	at com.amazonaws.http.AmazonHttpClient$RequestExecutor.access$500(AmazonHttpClient.java:715) ~[aws-java-sdk-core-1.12.266.jar:na]
	at com.amazonaws.http.AmazonHttpClient$RequestExecutionBuilderImpl.execute(AmazonHttpClient.java:697) ~[aws-java-sdk-core-1.12.266.jar:na]
	at com.amazonaws.http.AmazonHttpClient.execute(AmazonHttpClient.java:561) ~[aws-java-sdk-core-1.12.266.jar:na]
	at com.amazonaws.http.AmazonHttpClient.execute(AmazonHttpClient.java:541) ~[aws-java-sdk-core-1.12.266.jar:na]
	at com.amazonaws.services.simplesystemsmanagement.AWSSimpleSystemsManagementClient.doInvoke(AWSSimpleSystemsManagementClient.java:10857) ~[aws-java-sdk-ssm-1.12.266.jar:na]
	at com.amazonaws.services.simplesystemsmanagement.AWSSimpleSystemsManagementClient.invoke(AWSSimpleSystemsManagementClient.java:10824) ~[aws-java-sdk-ssm-1.12.266.jar:na]
	at com.amazonaws.services.simplesystemsmanagement.AWSSimpleSystemsManagementClient.invoke(AWSSimpleSystemsManagementClient.java:10813) ~[aws-java-sdk-ssm-1.12.266.jar:na]
	at com.amazonaws.services.simplesystemsmanagement.AWSSimpleSystemsManagementClient.executeGetParametersByPath(AWSSimpleSystemsManagementClient.java:6568) ~[aws-java-sdk-ssm-1.12.266.jar:na]
	at com.amazonaws.services.simplesystemsmanagement.AWSSimpleSystemsManagementClient.getParametersByPath(AWSSimpleSystemsManagementClient.java:6537) ~[aws-java-sdk-ssm-1.12.266.jar:na]
	at io.awspring.cloud.paramstore.AwsParamStorePropertySource.getParameters(AwsParamStorePropertySource.java:69) ~[spring-cloud-aws-parameter-store-config-2.4.2.jar:2.4.2]
	at io.awspring.cloud.paramstore.AwsParamStorePropertySource.init(AwsParamStorePropertySource.java:55) ~[spring-cloud-aws-parameter-store-config-2.4.2.jar:2.4.2]
	at io.awspring.cloud.paramstore.AwsParamStorePropertySources.createPropertySource(AwsParamStorePropertySources.java:99) ~[spring-cloud-aws-parameter-store-config-2.4.2.jar:2.4.2]
	... 11 common frames omitted

2023-06-30T14:02:08.116-03:00  INFO 15132 --- [main] i.a.c.p.AwsParamStorePropertySources     : Loading property from AWS Parameter Store with name: /config/null_localstack/, optional: false
2023-06-30T14:02:08.142-03:00 ERROR 15132 --- [main] o.s.boot.SpringApplication               : Application run failed

io.awspring.cloud.paramstore.AwsParamStorePropertySources$AwsParameterPropertySourceNotFoundException: com.amazonaws.services.simplesystemsmanagement.model.AWSSimpleSystemsManagementException: The security token included in the request is invalid. (Service: AWSSimpleSystemsManagement; Status Code: 400; Error Code: UnrecognizedClientException; Request ID: 512a9e26-3b87-4a98-b6d4-892e9cafd1d7; Proxy: null)
	at io.awspring.cloud.paramstore.AwsParamStorePropertySources.createPropertySource(AwsParamStorePropertySources.java:105) ~[spring-cloud-aws-parameter-store-config-2.4.2.jar:2.4.2]
	at io.awspring.cloud.paramstore.AwsParamStorePropertySourceLocator.locate(AwsParamStorePropertySourceLocator.java:87) ~[spring-cloud-aws-parameter-store-config-2.4.2.jar:2.4.2]
	at org.springframework.cloud.bootstrap.config.PropertySourceLocator.locateCollection(PropertySourceLocator.java:50) ~[spring-cloud-context-4.0.3.jar:4.0.3]
	at org.springframework.cloud.bootstrap.config.PropertySourceLocator.locateCollection(PropertySourceLocator.java:46) ~[spring-cloud-context-4.0.3.jar:4.0.3]
	at org.springframework.cloud.bootstrap.config.PropertySourceBootstrapConfiguration.doInitialize(PropertySourceBootstrapConfiguration.java:121) ~[spring-cloud-context-4.0.3.jar:4.0.3]
	at org.springframework.cloud.bootstrap.config.PropertySourceBootstrapConfiguration.initialize(PropertySourceBootstrapConfiguration.java:111) ~[spring-cloud-context-4.0.3.jar:4.0.3]
	at org.springframework.boot.SpringApplication.applyInitializers(SpringApplication.java:607) ~[spring-boot-3.1.1.jar:3.1.1]
	at org.springframework.boot.SpringApplication.prepareContext(SpringApplication.java:387) ~[spring-boot-3.1.1.jar:3.1.1]
	at org.springframework.boot.SpringApplication.run(SpringApplication.java:311) ~[spring-boot-3.1.1.jar:3.1.1]
	at org.springframework.boot.SpringApplication.run(SpringApplication.java:1306) ~[spring-boot-3.1.1.jar:3.1.1]
	at org.springframework.boot.SpringApplication.run(SpringApplication.java:1295) ~[spring-boot-3.1.1.jar:3.1.1]
	at br.com.matheusotto.SpringBootLocalstackApplication.main(SpringBootLocalstackApplication.java:10) ~[classes/:na]
Caused by: com.amazonaws.services.simplesystemsmanagement.model.AWSSimpleSystemsManagementException: The security token included in the request is invalid. (Service: AWSSimpleSystemsManagement; Status Code: 400; Error Code: UnrecognizedClientException; Request ID: 512a9e26-3b87-4a98-b6d4-892e9cafd1d7; Proxy: null)
	at com.amazonaws.http.AmazonHttpClient$RequestExecutor.handleErrorResponse(AmazonHttpClient.java:1879) ~[aws-java-sdk-core-1.12.266.jar:na]
	at com.amazonaws.http.AmazonHttpClient$RequestExecutor.handleServiceErrorResponse(AmazonHttpClient.java:1418) ~[aws-java-sdk-core-1.12.266.jar:na]
	at com.amazonaws.http.AmazonHttpClient$RequestExecutor.executeOneRequest(AmazonHttpClient.java:1387) ~[aws-java-sdk-core-1.12.266.jar:na]
	at com.amazonaws.http.AmazonHttpClient$RequestExecutor.executeHelper(AmazonHttpClient.java:1157) ~[aws-java-sdk-core-1.12.266.jar:na]
	at com.amazonaws.http.AmazonHttpClient$RequestExecutor.doExecute(AmazonHttpClient.java:814) ~[aws-java-sdk-core-1.12.266.jar:na]
	at com.amazonaws.http.AmazonHttpClient$RequestExecutor.executeWithTimer(AmazonHttpClient.java:781) ~[aws-java-sdk-core-1.12.266.jar:na]
	at com.amazonaws.http.AmazonHttpClient$RequestExecutor.execute(AmazonHttpClient.java:755) ~[aws-java-sdk-core-1.12.266.jar:na]
	at com.amazonaws.http.AmazonHttpClient$RequestExecutor.access$500(AmazonHttpClient.java:715) ~[aws-java-sdk-core-1.12.266.jar:na]
	at com.amazonaws.http.AmazonHttpClient$RequestExecutionBuilderImpl.execute(AmazonHttpClient.java:697) ~[aws-java-sdk-core-1.12.266.jar:na]
	at com.amazonaws.http.AmazonHttpClient.execute(AmazonHttpClient.java:561) ~[aws-java-sdk-core-1.12.266.jar:na]
	at com.amazonaws.http.AmazonHttpClient.execute(AmazonHttpClient.java:541) ~[aws-java-sdk-core-1.12.266.jar:na]
	at com.amazonaws.services.simplesystemsmanagement.AWSSimpleSystemsManagementClient.doInvoke(AWSSimpleSystemsManagementClient.java:10857) ~[aws-java-sdk-ssm-1.12.266.jar:na]
	at com.amazonaws.services.simplesystemsmanagement.AWSSimpleSystemsManagementClient.invoke(AWSSimpleSystemsManagementClient.java:10824) ~[aws-java-sdk-ssm-1.12.266.jar:na]
	at com.amazonaws.services.simplesystemsmanagement.AWSSimpleSystemsManagementClient.invoke(AWSSimpleSystemsManagementClient.java:10813) ~[aws-java-sdk-ssm-1.12.266.jar:na]
	at com.amazonaws.services.simplesystemsmanagement.AWSSimpleSystemsManagementClient.executeGetParametersByPath(AWSSimpleSystemsManagementClient.java:6568) ~[aws-java-sdk-ssm-1.12.266.jar:na]
	at com.amazonaws.services.simplesystemsmanagement.AWSSimpleSystemsManagementClient.getParametersByPath(AWSSimpleSystemsManagementClient.java:6537) ~[aws-java-sdk-ssm-1.12.266.jar:na]
	at io.awspring.cloud.paramstore.AwsParamStorePropertySource.getParameters(AwsParamStorePropertySource.java:69) ~[spring-cloud-aws-parameter-store-config-2.4.2.jar:2.4.2]
	at io.awspring.cloud.paramstore.AwsParamStorePropertySource.init(AwsParamStorePropertySource.java:55) ~[spring-cloud-aws-parameter-store-config-2.4.2.jar:2.4.2]
	at io.awspring.cloud.paramstore.AwsParamStorePropertySources.createPropertySource(AwsParamStorePropertySources.java:99) ~[spring-cloud-aws-parameter-store-config-2.4.2.jar:2.4.2]
	... 11 common frames omitted

2023-06-30T14:02:26.475-03:00  INFO 2136 --- [main] i.a.c.p.AwsParamStorePropertySources     : Loading property from AWS Parameter Store with name: /config/null_localstack/, optional: false
2023-06-30T14:02:26.503-03:00 ERROR 2136 --- [main] o.s.boot.SpringApplication               : Application run failed

io.awspring.cloud.paramstore.AwsParamStorePropertySources$AwsParameterPropertySourceNotFoundException: com.amazonaws.services.simplesystemsmanagement.model.AWSSimpleSystemsManagementException: The security token included in the request is invalid. (Service: AWSSimpleSystemsManagement; Status Code: 400; Error Code: UnrecognizedClientException; Request ID: c9820b26-5d0c-4d8d-b1fe-50abec706cec; Proxy: null)
	at io.awspring.cloud.paramstore.AwsParamStorePropertySources.createPropertySource(AwsParamStorePropertySources.java:105) ~[spring-cloud-aws-parameter-store-config-2.4.2.jar:2.4.2]
	at io.awspring.cloud.paramstore.AwsParamStorePropertySourceLocator.locate(AwsParamStorePropertySourceLocator.java:87) ~[spring-cloud-aws-parameter-store-config-2.4.2.jar:2.4.2]
	at org.springframework.cloud.bootstrap.config.PropertySourceLocator.locateCollection(PropertySourceLocator.java:50) ~[spring-cloud-context-4.0.3.jar:4.0.3]
	at org.springframework.cloud.bootstrap.config.PropertySourceLocator.locateCollection(PropertySourceLocator.java:46) ~[spring-cloud-context-4.0.3.jar:4.0.3]
	at org.springframework.cloud.bootstrap.config.PropertySourceBootstrapConfiguration.doInitialize(PropertySourceBootstrapConfiguration.java:121) ~[spring-cloud-context-4.0.3.jar:4.0.3]
	at org.springframework.cloud.bootstrap.config.PropertySourceBootstrapConfiguration.initialize(PropertySourceBootstrapConfiguration.java:111) ~[spring-cloud-context-4.0.3.jar:4.0.3]
	at org.springframework.boot.SpringApplication.applyInitializers(SpringApplication.java:607) ~[spring-boot-3.1.1.jar:3.1.1]
	at org.springframework.boot.SpringApplication.prepareContext(SpringApplication.java:387) ~[spring-boot-3.1.1.jar:3.1.1]
	at org.springframework.boot.SpringApplication.run(SpringApplication.java:311) ~[spring-boot-3.1.1.jar:3.1.1]
	at org.springframework.boot.SpringApplication.run(SpringApplication.java:1306) ~[spring-boot-3.1.1.jar:3.1.1]
	at org.springframework.boot.SpringApplication.run(SpringApplication.java:1295) ~[spring-boot-3.1.1.jar:3.1.1]
	at br.com.matheusotto.SpringBootLocalstackApplication.main(SpringBootLocalstackApplication.java:10) ~[classes/:na]
Caused by: com.amazonaws.services.simplesystemsmanagement.model.AWSSimpleSystemsManagementException: The security token included in the request is invalid. (Service: AWSSimpleSystemsManagement; Status Code: 400; Error Code: UnrecognizedClientException; Request ID: c9820b26-5d0c-4d8d-b1fe-50abec706cec; Proxy: null)
	at com.amazonaws.http.AmazonHttpClient$RequestExecutor.handleErrorResponse(AmazonHttpClient.java:1879) ~[aws-java-sdk-core-1.12.266.jar:na]
	at com.amazonaws.http.AmazonHttpClient$RequestExecutor.handleServiceErrorResponse(AmazonHttpClient.java:1418) ~[aws-java-sdk-core-1.12.266.jar:na]
	at com.amazonaws.http.AmazonHttpClient$RequestExecutor.executeOneRequest(AmazonHttpClient.java:1387) ~[aws-java-sdk-core-1.12.266.jar:na]
	at com.amazonaws.http.AmazonHttpClient$RequestExecutor.executeHelper(AmazonHttpClient.java:1157) ~[aws-java-sdk-core-1.12.266.jar:na]
	at com.amazonaws.http.AmazonHttpClient$RequestExecutor.doExecute(AmazonHttpClient.java:814) ~[aws-java-sdk-core-1.12.266.jar:na]
	at com.amazonaws.http.AmazonHttpClient$RequestExecutor.executeWithTimer(AmazonHttpClient.java:781) ~[aws-java-sdk-core-1.12.266.jar:na]
	at com.amazonaws.http.AmazonHttpClient$RequestExecutor.execute(AmazonHttpClient.java:755) ~[aws-java-sdk-core-1.12.266.jar:na]
	at com.amazonaws.http.AmazonHttpClient$RequestExecutor.access$500(AmazonHttpClient.java:715) ~[aws-java-sdk-core-1.12.266.jar:na]
	at com.amazonaws.http.AmazonHttpClient$RequestExecutionBuilderImpl.execute(AmazonHttpClient.java:697) ~[aws-java-sdk-core-1.12.266.jar:na]
	at com.amazonaws.http.AmazonHttpClient.execute(AmazonHttpClient.java:561) ~[aws-java-sdk-core-1.12.266.jar:na]
	at com.amazonaws.http.AmazonHttpClient.execute(AmazonHttpClient.java:541) ~[aws-java-sdk-core-1.12.266.jar:na]
	at com.amazonaws.services.simplesystemsmanagement.AWSSimpleSystemsManagementClient.doInvoke(AWSSimpleSystemsManagementClient.java:10857) ~[aws-java-sdk-ssm-1.12.266.jar:na]
	at com.amazonaws.services.simplesystemsmanagement.AWSSimpleSystemsManagementClient.invoke(AWSSimpleSystemsManagementClient.java:10824) ~[aws-java-sdk-ssm-1.12.266.jar:na]
	at com.amazonaws.services.simplesystemsmanagement.AWSSimpleSystemsManagementClient.invoke(AWSSimpleSystemsManagementClient.java:10813) ~[aws-java-sdk-ssm-1.12.266.jar:na]
	at com.amazonaws.services.simplesystemsmanagement.AWSSimpleSystemsManagementClient.executeGetParametersByPath(AWSSimpleSystemsManagementClient.java:6568) ~[aws-java-sdk-ssm-1.12.266.jar:na]
	at com.amazonaws.services.simplesystemsmanagement.AWSSimpleSystemsManagementClient.getParametersByPath(AWSSimpleSystemsManagementClient.java:6537) ~[aws-java-sdk-ssm-1.12.266.jar:na]
	at io.awspring.cloud.paramstore.AwsParamStorePropertySource.getParameters(AwsParamStorePropertySource.java:69) ~[spring-cloud-aws-parameter-store-config-2.4.2.jar:2.4.2]
	at io.awspring.cloud.paramstore.AwsParamStorePropertySource.init(AwsParamStorePropertySource.java:55) ~[spring-cloud-aws-parameter-store-config-2.4.2.jar:2.4.2]
	at io.awspring.cloud.paramstore.AwsParamStorePropertySources.createPropertySource(AwsParamStorePropertySources.java:99) ~[spring-cloud-aws-parameter-store-config-2.4.2.jar:2.4.2]
	... 11 common frames omitted

2023-06-30T14:04:14.071-03:00  INFO 13108 --- [main] i.a.c.p.AwsParamStorePropertySources     : Loading property from AWS Parameter Store with name: /config/null_localstack/, optional: false
2023-06-30T14:04:14.114-03:00 ERROR 13108 --- [main] o.s.boot.SpringApplication               : Application run failed

io.awspring.cloud.paramstore.AwsParamStorePropertySources$AwsParameterPropertySourceNotFoundException: com.amazonaws.services.simplesystemsmanagement.model.AWSSimpleSystemsManagementException: The security token included in the request is invalid. (Service: AWSSimpleSystemsManagement; Status Code: 400; Error Code: UnrecognizedClientException; Request ID: 41bce7a9-a982-4dc1-8fc7-0298359a7101; Proxy: null)
	at io.awspring.cloud.paramstore.AwsParamStorePropertySources.createPropertySource(AwsParamStorePropertySources.java:105) ~[spring-cloud-aws-parameter-store-config-2.4.2.jar:2.4.2]
	at io.awspring.cloud.paramstore.AwsParamStorePropertySourceLocator.locate(AwsParamStorePropertySourceLocator.java:87) ~[spring-cloud-aws-parameter-store-config-2.4.2.jar:2.4.2]
	at org.springframework.cloud.bootstrap.config.PropertySourceLocator.locateCollection(PropertySourceLocator.java:50) ~[spring-cloud-context-4.0.3.jar:4.0.3]
	at org.springframework.cloud.bootstrap.config.PropertySourceLocator.locateCollection(PropertySourceLocator.java:46) ~[spring-cloud-context-4.0.3.jar:4.0.3]
	at org.springframework.cloud.bootstrap.config.PropertySourceBootstrapConfiguration.doInitialize(PropertySourceBootstrapConfiguration.java:121) ~[spring-cloud-context-4.0.3.jar:4.0.3]
	at org.springframework.cloud.bootstrap.config.PropertySourceBootstrapConfiguration.initialize(PropertySourceBootstrapConfiguration.java:111) ~[spring-cloud-context-4.0.3.jar:4.0.3]
	at org.springframework.boot.SpringApplication.applyInitializers(SpringApplication.java:607) ~[spring-boot-3.1.1.jar:3.1.1]
	at org.springframework.boot.SpringApplication.prepareContext(SpringApplication.java:387) ~[spring-boot-3.1.1.jar:3.1.1]
	at org.springframework.boot.SpringApplication.run(SpringApplication.java:311) ~[spring-boot-3.1.1.jar:3.1.1]
	at org.springframework.boot.SpringApplication.run(SpringApplication.java:1306) ~[spring-boot-3.1.1.jar:3.1.1]
	at org.springframework.boot.SpringApplication.run(SpringApplication.java:1295) ~[spring-boot-3.1.1.jar:3.1.1]
	at br.com.matheusotto.SpringBootLocalstackApplication.main(SpringBootLocalstackApplication.java:10) ~[classes/:na]
Caused by: com.amazonaws.services.simplesystemsmanagement.model.AWSSimpleSystemsManagementException: The security token included in the request is invalid. (Service: AWSSimpleSystemsManagement; Status Code: 400; Error Code: UnrecognizedClientException; Request ID: 41bce7a9-a982-4dc1-8fc7-0298359a7101; Proxy: null)
	at com.amazonaws.http.AmazonHttpClient$RequestExecutor.handleErrorResponse(AmazonHttpClient.java:1879) ~[aws-java-sdk-core-1.12.266.jar:na]
	at com.amazonaws.http.AmazonHttpClient$RequestExecutor.handleServiceErrorResponse(AmazonHttpClient.java:1418) ~[aws-java-sdk-core-1.12.266.jar:na]
	at com.amazonaws.http.AmazonHttpClient$RequestExecutor.executeOneRequest(AmazonHttpClient.java:1387) ~[aws-java-sdk-core-1.12.266.jar:na]
	at com.amazonaws.http.AmazonHttpClient$RequestExecutor.executeHelper(AmazonHttpClient.java:1157) ~[aws-java-sdk-core-1.12.266.jar:na]
	at com.amazonaws.http.AmazonHttpClient$RequestExecutor.doExecute(AmazonHttpClient.java:814) ~[aws-java-sdk-core-1.12.266.jar:na]
	at com.amazonaws.http.AmazonHttpClient$RequestExecutor.executeWithTimer(AmazonHttpClient.java:781) ~[aws-java-sdk-core-1.12.266.jar:na]
	at com.amazonaws.http.AmazonHttpClient$RequestExecutor.execute(AmazonHttpClient.java:755) ~[aws-java-sdk-core-1.12.266.jar:na]
	at com.amazonaws.http.AmazonHttpClient$RequestExecutor.access$500(AmazonHttpClient.java:715) ~[aws-java-sdk-core-1.12.266.jar:na]
	at com.amazonaws.http.AmazonHttpClient$RequestExecutionBuilderImpl.execute(AmazonHttpClient.java:697) ~[aws-java-sdk-core-1.12.266.jar:na]
	at com.amazonaws.http.AmazonHttpClient.execute(AmazonHttpClient.java:561) ~[aws-java-sdk-core-1.12.266.jar:na]
	at com.amazonaws.http.AmazonHttpClient.execute(AmazonHttpClient.java:541) ~[aws-java-sdk-core-1.12.266.jar:na]
	at com.amazonaws.services.simplesystemsmanagement.AWSSimpleSystemsManagementClient.doInvoke(AWSSimpleSystemsManagementClient.java:10857) ~[aws-java-sdk-ssm-1.12.266.jar:na]
	at com.amazonaws.services.simplesystemsmanagement.AWSSimpleSystemsManagementClient.invoke(AWSSimpleSystemsManagementClient.java:10824) ~[aws-java-sdk-ssm-1.12.266.jar:na]
	at com.amazonaws.services.simplesystemsmanagement.AWSSimpleSystemsManagementClient.invoke(AWSSimpleSystemsManagementClient.java:10813) ~[aws-java-sdk-ssm-1.12.266.jar:na]
	at com.amazonaws.services.simplesystemsmanagement.AWSSimpleSystemsManagementClient.executeGetParametersByPath(AWSSimpleSystemsManagementClient.java:6568) ~[aws-java-sdk-ssm-1.12.266.jar:na]
	at com.amazonaws.services.simplesystemsmanagement.AWSSimpleSystemsManagementClient.getParametersByPath(AWSSimpleSystemsManagementClient.java:6537) ~[aws-java-sdk-ssm-1.12.266.jar:na]
	at io.awspring.cloud.paramstore.AwsParamStorePropertySource.getParameters(AwsParamStorePropertySource.java:69) ~[spring-cloud-aws-parameter-store-config-2.4.2.jar:2.4.2]
	at io.awspring.cloud.paramstore.AwsParamStorePropertySource.init(AwsParamStorePropertySource.java:55) ~[spring-cloud-aws-parameter-store-config-2.4.2.jar:2.4.2]
	at io.awspring.cloud.paramstore.AwsParamStorePropertySources.createPropertySource(AwsParamStorePropertySources.java:99) ~[spring-cloud-aws-parameter-store-config-2.4.2.jar:2.4.2]
	... 11 common frames omitted

2023-06-30T14:08:00.743-03:00  INFO 8660 --- [main] i.a.c.p.AwsParamStorePropertySources     : Loading property from AWS Parameter Store with name: /config/null_localstack/, optional: false
2023-06-30T14:08:00.768-03:00 ERROR 8660 --- [main] o.s.boot.SpringApplication               : Application run failed

io.awspring.cloud.paramstore.AwsParamStorePropertySources$AwsParameterPropertySourceNotFoundException: com.amazonaws.services.simplesystemsmanagement.model.AWSSimpleSystemsManagementException: The security token included in the request is invalid. (Service: AWSSimpleSystemsManagement; Status Code: 400; Error Code: UnrecognizedClientException; Request ID: 370f3455-c18d-4cb6-9570-1f969f2bad4f; Proxy: null)
	at io.awspring.cloud.paramstore.AwsParamStorePropertySources.createPropertySource(AwsParamStorePropertySources.java:105) ~[spring-cloud-aws-parameter-store-config-2.4.2.jar:2.4.2]
	at io.awspring.cloud.paramstore.AwsParamStorePropertySourceLocator.locate(AwsParamStorePropertySourceLocator.java:87) ~[spring-cloud-aws-parameter-store-config-2.4.2.jar:2.4.2]
	at org.springframework.cloud.bootstrap.config.PropertySourceLocator.locateCollection(PropertySourceLocator.java:50) ~[spring-cloud-context-4.0.3.jar:4.0.3]
	at org.springframework.cloud.bootstrap.config.PropertySourceLocator.locateCollection(PropertySourceLocator.java:46) ~[spring-cloud-context-4.0.3.jar:4.0.3]
	at org.springframework.cloud.bootstrap.config.PropertySourceBootstrapConfiguration.doInitialize(PropertySourceBootstrapConfiguration.java:121) ~[spring-cloud-context-4.0.3.jar:4.0.3]
	at org.springframework.cloud.bootstrap.config.PropertySourceBootstrapConfiguration.initialize(PropertySourceBootstrapConfiguration.java:111) ~[spring-cloud-context-4.0.3.jar:4.0.3]
	at org.springframework.boot.SpringApplication.applyInitializers(SpringApplication.java:607) ~[spring-boot-3.1.1.jar:3.1.1]
	at org.springframework.boot.SpringApplication.prepareContext(SpringApplication.java:387) ~[spring-boot-3.1.1.jar:3.1.1]
	at org.springframework.boot.SpringApplication.run(SpringApplication.java:311) ~[spring-boot-3.1.1.jar:3.1.1]
	at org.springframework.boot.SpringApplication.run(SpringApplication.java:1306) ~[spring-boot-3.1.1.jar:3.1.1]
	at org.springframework.boot.SpringApplication.run(SpringApplication.java:1295) ~[spring-boot-3.1.1.jar:3.1.1]
	at br.com.matheusotto.SpringBootLocalstackApplication.main(SpringBootLocalstackApplication.java:10) ~[classes/:na]
Caused by: com.amazonaws.services.simplesystemsmanagement.model.AWSSimpleSystemsManagementException: The security token included in the request is invalid. (Service: AWSSimpleSystemsManagement; Status Code: 400; Error Code: UnrecognizedClientException; Request ID: 370f3455-c18d-4cb6-9570-1f969f2bad4f; Proxy: null)
	at com.amazonaws.http.AmazonHttpClient$RequestExecutor.handleErrorResponse(AmazonHttpClient.java:1879) ~[aws-java-sdk-core-1.12.266.jar:na]
	at com.amazonaws.http.AmazonHttpClient$RequestExecutor.handleServiceErrorResponse(AmazonHttpClient.java:1418) ~[aws-java-sdk-core-1.12.266.jar:na]
	at com.amazonaws.http.AmazonHttpClient$RequestExecutor.executeOneRequest(AmazonHttpClient.java:1387) ~[aws-java-sdk-core-1.12.266.jar:na]
	at com.amazonaws.http.AmazonHttpClient$RequestExecutor.executeHelper(AmazonHttpClient.java:1157) ~[aws-java-sdk-core-1.12.266.jar:na]
	at com.amazonaws.http.AmazonHttpClient$RequestExecutor.doExecute(AmazonHttpClient.java:814) ~[aws-java-sdk-core-1.12.266.jar:na]
	at com.amazonaws.http.AmazonHttpClient$RequestExecutor.executeWithTimer(AmazonHttpClient.java:781) ~[aws-java-sdk-core-1.12.266.jar:na]
	at com.amazonaws.http.AmazonHttpClient$RequestExecutor.execute(AmazonHttpClient.java:755) ~[aws-java-sdk-core-1.12.266.jar:na]
	at com.amazonaws.http.AmazonHttpClient$RequestExecutor.access$500(AmazonHttpClient.java:715) ~[aws-java-sdk-core-1.12.266.jar:na]
	at com.amazonaws.http.AmazonHttpClient$RequestExecutionBuilderImpl.execute(AmazonHttpClient.java:697) ~[aws-java-sdk-core-1.12.266.jar:na]
	at com.amazonaws.http.AmazonHttpClient.execute(AmazonHttpClient.java:561) ~[aws-java-sdk-core-1.12.266.jar:na]
	at com.amazonaws.http.AmazonHttpClient.execute(AmazonHttpClient.java:541) ~[aws-java-sdk-core-1.12.266.jar:na]
	at com.amazonaws.services.simplesystemsmanagement.AWSSimpleSystemsManagementClient.doInvoke(AWSSimpleSystemsManagementClient.java:10857) ~[aws-java-sdk-ssm-1.12.266.jar:na]
	at com.amazonaws.services.simplesystemsmanagement.AWSSimpleSystemsManagementClient.invoke(AWSSimpleSystemsManagementClient.java:10824) ~[aws-java-sdk-ssm-1.12.266.jar:na]
	at com.amazonaws.services.simplesystemsmanagement.AWSSimpleSystemsManagementClient.invoke(AWSSimpleSystemsManagementClient.java:10813) ~[aws-java-sdk-ssm-1.12.266.jar:na]
	at com.amazonaws.services.simplesystemsmanagement.AWSSimpleSystemsManagementClient.executeGetParametersByPath(AWSSimpleSystemsManagementClient.java:6568) ~[aws-java-sdk-ssm-1.12.266.jar:na]
	at com.amazonaws.services.simplesystemsmanagement.AWSSimpleSystemsManagementClient.getParametersByPath(AWSSimpleSystemsManagementClient.java:6537) ~[aws-java-sdk-ssm-1.12.266.jar:na]
	at io.awspring.cloud.paramstore.AwsParamStorePropertySource.getParameters(AwsParamStorePropertySource.java:69) ~[spring-cloud-aws-parameter-store-config-2.4.2.jar:2.4.2]
	at io.awspring.cloud.paramstore.AwsParamStorePropertySource.init(AwsParamStorePropertySource.java:55) ~[spring-cloud-aws-parameter-store-config-2.4.2.jar:2.4.2]
	at io.awspring.cloud.paramstore.AwsParamStorePropertySources.createPropertySource(AwsParamStorePropertySources.java:99) ~[spring-cloud-aws-parameter-store-config-2.4.2.jar:2.4.2]
	... 11 common frames omitted

2023-06-30T14:09:15.179-03:00  INFO 3888 --- [main] i.a.c.p.AwsParamStorePropertySources     : Loading property from AWS Parameter Store with name: /config/null_localstack/, optional: false
2023-06-30T14:09:15.206-03:00 ERROR 3888 --- [main] o.s.boot.SpringApplication               : Application run failed

io.awspring.cloud.paramstore.AwsParamStorePropertySources$AwsParameterPropertySourceNotFoundException: com.amazonaws.services.simplesystemsmanagement.model.AWSSimpleSystemsManagementException: The security token included in the request is invalid. (Service: AWSSimpleSystemsManagement; Status Code: 400; Error Code: UnrecognizedClientException; Request ID: 594135aa-ed1a-486b-a09a-f543502ff373; Proxy: null)
	at io.awspring.cloud.paramstore.AwsParamStorePropertySources.createPropertySource(AwsParamStorePropertySources.java:105) ~[spring-cloud-aws-parameter-store-config-2.4.2.jar:2.4.2]
	at io.awspring.cloud.paramstore.AwsParamStorePropertySourceLocator.locate(AwsParamStorePropertySourceLocator.java:87) ~[spring-cloud-aws-parameter-store-config-2.4.2.jar:2.4.2]
	at org.springframework.cloud.bootstrap.config.PropertySourceLocator.locateCollection(PropertySourceLocator.java:50) ~[spring-cloud-context-4.0.3.jar:4.0.3]
	at org.springframework.cloud.bootstrap.config.PropertySourceLocator.locateCollection(PropertySourceLocator.java:46) ~[spring-cloud-context-4.0.3.jar:4.0.3]
	at org.springframework.cloud.bootstrap.config.PropertySourceBootstrapConfiguration.doInitialize(PropertySourceBootstrapConfiguration.java:121) ~[spring-cloud-context-4.0.3.jar:4.0.3]
	at org.springframework.cloud.bootstrap.config.PropertySourceBootstrapConfiguration.initialize(PropertySourceBootstrapConfiguration.java:111) ~[spring-cloud-context-4.0.3.jar:4.0.3]
	at org.springframework.boot.SpringApplication.applyInitializers(SpringApplication.java:607) ~[spring-boot-3.1.1.jar:3.1.1]
	at org.springframework.boot.SpringApplication.prepareContext(SpringApplication.java:387) ~[spring-boot-3.1.1.jar:3.1.1]
	at org.springframework.boot.SpringApplication.run(SpringApplication.java:311) ~[spring-boot-3.1.1.jar:3.1.1]
	at org.springframework.boot.SpringApplication.run(SpringApplication.java:1306) ~[spring-boot-3.1.1.jar:3.1.1]
	at org.springframework.boot.SpringApplication.run(SpringApplication.java:1295) ~[spring-boot-3.1.1.jar:3.1.1]
	at br.com.matheusotto.SpringBootLocalstackApplication.main(SpringBootLocalstackApplication.java:10) ~[classes/:na]
Caused by: com.amazonaws.services.simplesystemsmanagement.model.AWSSimpleSystemsManagementException: The security token included in the request is invalid. (Service: AWSSimpleSystemsManagement; Status Code: 400; Error Code: UnrecognizedClientException; Request ID: 594135aa-ed1a-486b-a09a-f543502ff373; Proxy: null)
	at com.amazonaws.http.AmazonHttpClient$RequestExecutor.handleErrorResponse(AmazonHttpClient.java:1879) ~[aws-java-sdk-core-1.12.266.jar:na]
	at com.amazonaws.http.AmazonHttpClient$RequestExecutor.handleServiceErrorResponse(AmazonHttpClient.java:1418) ~[aws-java-sdk-core-1.12.266.jar:na]
	at com.amazonaws.http.AmazonHttpClient$RequestExecutor.executeOneRequest(AmazonHttpClient.java:1387) ~[aws-java-sdk-core-1.12.266.jar:na]
	at com.amazonaws.http.AmazonHttpClient$RequestExecutor.executeHelper(AmazonHttpClient.java:1157) ~[aws-java-sdk-core-1.12.266.jar:na]
	at com.amazonaws.http.AmazonHttpClient$RequestExecutor.doExecute(AmazonHttpClient.java:814) ~[aws-java-sdk-core-1.12.266.jar:na]
	at com.amazonaws.http.AmazonHttpClient$RequestExecutor.executeWithTimer(AmazonHttpClient.java:781) ~[aws-java-sdk-core-1.12.266.jar:na]
	at com.amazonaws.http.AmazonHttpClient$RequestExecutor.execute(AmazonHttpClient.java:755) ~[aws-java-sdk-core-1.12.266.jar:na]
	at com.amazonaws.http.AmazonHttpClient$RequestExecutor.access$500(AmazonHttpClient.java:715) ~[aws-java-sdk-core-1.12.266.jar:na]
	at com.amazonaws.http.AmazonHttpClient$RequestExecutionBuilderImpl.execute(AmazonHttpClient.java:697) ~[aws-java-sdk-core-1.12.266.jar:na]
	at com.amazonaws.http.AmazonHttpClient.execute(AmazonHttpClient.java:561) ~[aws-java-sdk-core-1.12.266.jar:na]
	at com.amazonaws.http.AmazonHttpClient.execute(AmazonHttpClient.java:541) ~[aws-java-sdk-core-1.12.266.jar:na]
	at com.amazonaws.services.simplesystemsmanagement.AWSSimpleSystemsManagementClient.doInvoke(AWSSimpleSystemsManagementClient.java:10857) ~[aws-java-sdk-ssm-1.12.266.jar:na]
	at com.amazonaws.services.simplesystemsmanagement.AWSSimpleSystemsManagementClient.invoke(AWSSimpleSystemsManagementClient.java:10824) ~[aws-java-sdk-ssm-1.12.266.jar:na]
	at com.amazonaws.services.simplesystemsmanagement.AWSSimpleSystemsManagementClient.invoke(AWSSimpleSystemsManagementClient.java:10813) ~[aws-java-sdk-ssm-1.12.266.jar:na]
	at com.amazonaws.services.simplesystemsmanagement.AWSSimpleSystemsManagementClient.executeGetParametersByPath(AWSSimpleSystemsManagementClient.java:6568) ~[aws-java-sdk-ssm-1.12.266.jar:na]
	at com.amazonaws.services.simplesystemsmanagement.AWSSimpleSystemsManagementClient.getParametersByPath(AWSSimpleSystemsManagementClient.java:6537) ~[aws-java-sdk-ssm-1.12.266.jar:na]
	at io.awspring.cloud.paramstore.AwsParamStorePropertySource.getParameters(AwsParamStorePropertySource.java:69) ~[spring-cloud-aws-parameter-store-config-2.4.2.jar:2.4.2]
	at io.awspring.cloud.paramstore.AwsParamStorePropertySource.init(AwsParamStorePropertySource.java:55) ~[spring-cloud-aws-parameter-store-config-2.4.2.jar:2.4.2]
	at io.awspring.cloud.paramstore.AwsParamStorePropertySources.createPropertySource(AwsParamStorePropertySources.java:99) ~[spring-cloud-aws-parameter-store-config-2.4.2.jar:2.4.2]
	... 11 common frames omitted

2023-06-30T14:10:31.192-03:00  INFO 7076 --- [main] i.a.c.p.AwsParamStorePropertySources     : Loading property from AWS Parameter Store with name: /config/null_localstack/, optional: false
2023-06-30T14:10:31.218-03:00 ERROR 7076 --- [main] o.s.boot.SpringApplication               : Application run failed

io.awspring.cloud.paramstore.AwsParamStorePropertySources$AwsParameterPropertySourceNotFoundException: com.amazonaws.services.simplesystemsmanagement.model.AWSSimpleSystemsManagementException: The security token included in the request is invalid. (Service: AWSSimpleSystemsManagement; Status Code: 400; Error Code: UnrecognizedClientException; Request ID: 6db5ec53-85c9-48fb-8af9-9642b8ef9bb3; Proxy: null)
	at io.awspring.cloud.paramstore.AwsParamStorePropertySources.createPropertySource(AwsParamStorePropertySources.java:105) ~[spring-cloud-aws-parameter-store-config-2.4.2.jar:2.4.2]
	at io.awspring.cloud.paramstore.AwsParamStorePropertySourceLocator.locate(AwsParamStorePropertySourceLocator.java:87) ~[spring-cloud-aws-parameter-store-config-2.4.2.jar:2.4.2]
	at org.springframework.cloud.bootstrap.config.PropertySourceLocator.locateCollection(PropertySourceLocator.java:50) ~[spring-cloud-context-4.0.3.jar:4.0.3]
	at org.springframework.cloud.bootstrap.config.PropertySourceLocator.locateCollection(PropertySourceLocator.java:46) ~[spring-cloud-context-4.0.3.jar:4.0.3]
	at org.springframework.cloud.bootstrap.config.PropertySourceBootstrapConfiguration.doInitialize(PropertySourceBootstrapConfiguration.java:121) ~[spring-cloud-context-4.0.3.jar:4.0.3]
	at org.springframework.cloud.bootstrap.config.PropertySourceBootstrapConfiguration.initialize(PropertySourceBootstrapConfiguration.java:111) ~[spring-cloud-context-4.0.3.jar:4.0.3]
	at org.springframework.boot.SpringApplication.applyInitializers(SpringApplication.java:607) ~[spring-boot-3.1.1.jar:3.1.1]
	at org.springframework.boot.SpringApplication.prepareContext(SpringApplication.java:387) ~[spring-boot-3.1.1.jar:3.1.1]
	at org.springframework.boot.SpringApplication.run(SpringApplication.java:311) ~[spring-boot-3.1.1.jar:3.1.1]
	at org.springframework.boot.SpringApplication.run(SpringApplication.java:1306) ~[spring-boot-3.1.1.jar:3.1.1]
	at org.springframework.boot.SpringApplication.run(SpringApplication.java:1295) ~[spring-boot-3.1.1.jar:3.1.1]
	at br.com.matheusotto.SpringBootLocalstackApplication.main(SpringBootLocalstackApplication.java:10) ~[classes/:na]
Caused by: com.amazonaws.services.simplesystemsmanagement.model.AWSSimpleSystemsManagementException: The security token included in the request is invalid. (Service: AWSSimpleSystemsManagement; Status Code: 400; Error Code: UnrecognizedClientException; Request ID: 6db5ec53-85c9-48fb-8af9-9642b8ef9bb3; Proxy: null)
	at com.amazonaws.http.AmazonHttpClient$RequestExecutor.handleErrorResponse(AmazonHttpClient.java:1879) ~[aws-java-sdk-core-1.12.266.jar:na]
	at com.amazonaws.http.AmazonHttpClient$RequestExecutor.handleServiceErrorResponse(AmazonHttpClient.java:1418) ~[aws-java-sdk-core-1.12.266.jar:na]
	at com.amazonaws.http.AmazonHttpClient$RequestExecutor.executeOneRequest(AmazonHttpClient.java:1387) ~[aws-java-sdk-core-1.12.266.jar:na]
	at com.amazonaws.http.AmazonHttpClient$RequestExecutor.executeHelper(AmazonHttpClient.java:1157) ~[aws-java-sdk-core-1.12.266.jar:na]
	at com.amazonaws.http.AmazonHttpClient$RequestExecutor.doExecute(AmazonHttpClient.java:814) ~[aws-java-sdk-core-1.12.266.jar:na]
	at com.amazonaws.http.AmazonHttpClient$RequestExecutor.executeWithTimer(AmazonHttpClient.java:781) ~[aws-java-sdk-core-1.12.266.jar:na]
	at com.amazonaws.http.AmazonHttpClient$RequestExecutor.execute(AmazonHttpClient.java:755) ~[aws-java-sdk-core-1.12.266.jar:na]
	at com.amazonaws.http.AmazonHttpClient$RequestExecutor.access$500(AmazonHttpClient.java:715) ~[aws-java-sdk-core-1.12.266.jar:na]
	at com.amazonaws.http.AmazonHttpClient$RequestExecutionBuilderImpl.execute(AmazonHttpClient.java:697) ~[aws-java-sdk-core-1.12.266.jar:na]
	at com.amazonaws.http.AmazonHttpClient.execute(AmazonHttpClient.java:561) ~[aws-java-sdk-core-1.12.266.jar:na]
	at com.amazonaws.http.AmazonHttpClient.execute(AmazonHttpClient.java:541) ~[aws-java-sdk-core-1.12.266.jar:na]
	at com.amazonaws.services.simplesystemsmanagement.AWSSimpleSystemsManagementClient.doInvoke(AWSSimpleSystemsManagementClient.java:10857) ~[aws-java-sdk-ssm-1.12.266.jar:na]
	at com.amazonaws.services.simplesystemsmanagement.AWSSimpleSystemsManagementClient.invoke(AWSSimpleSystemsManagementClient.java:10824) ~[aws-java-sdk-ssm-1.12.266.jar:na]
	at com.amazonaws.services.simplesystemsmanagement.AWSSimpleSystemsManagementClient.invoke(AWSSimpleSystemsManagementClient.java:10813) ~[aws-java-sdk-ssm-1.12.266.jar:na]
	at com.amazonaws.services.simplesystemsmanagement.AWSSimpleSystemsManagementClient.executeGetParametersByPath(AWSSimpleSystemsManagementClient.java:6568) ~[aws-java-sdk-ssm-1.12.266.jar:na]
	at com.amazonaws.services.simplesystemsmanagement.AWSSimpleSystemsManagementClient.getParametersByPath(AWSSimpleSystemsManagementClient.java:6537) ~[aws-java-sdk-ssm-1.12.266.jar:na]
	at io.awspring.cloud.paramstore.AwsParamStorePropertySource.getParameters(AwsParamStorePropertySource.java:69) ~[spring-cloud-aws-parameter-store-config-2.4.2.jar:2.4.2]
	at io.awspring.cloud.paramstore.AwsParamStorePropertySource.init(AwsParamStorePropertySource.java:55) ~[spring-cloud-aws-parameter-store-config-2.4.2.jar:2.4.2]
	at io.awspring.cloud.paramstore.AwsParamStorePropertySources.createPropertySource(AwsParamStorePropertySources.java:99) ~[spring-cloud-aws-parameter-store-config-2.4.2.jar:2.4.2]
	... 11 common frames omitted

2023-06-30T14:14:01.941-03:00  INFO 15044 --- [main] i.a.c.p.AwsParamStorePropertySources     : Loading property from AWS Parameter Store with name: /config/null_localstack/, optional: false
2023-06-30T14:14:01.973-03:00 ERROR 15044 --- [main] o.s.boot.SpringApplication               : Application run failed

io.awspring.cloud.paramstore.AwsParamStorePropertySources$AwsParameterPropertySourceNotFoundException: com.amazonaws.services.simplesystemsmanagement.model.AWSSimpleSystemsManagementException: The security token included in the request is invalid. (Service: AWSSimpleSystemsManagement; Status Code: 400; Error Code: UnrecognizedClientException; Request ID: 5cc2f1d4-08ad-4ee7-95e8-47a3f6f0f7ef; Proxy: null)
	at io.awspring.cloud.paramstore.AwsParamStorePropertySources.createPropertySource(AwsParamStorePropertySources.java:105) ~[spring-cloud-aws-parameter-store-config-2.4.2.jar:2.4.2]
	at io.awspring.cloud.paramstore.AwsParamStorePropertySourceLocator.locate(AwsParamStorePropertySourceLocator.java:87) ~[spring-cloud-aws-parameter-store-config-2.4.2.jar:2.4.2]
	at org.springframework.cloud.bootstrap.config.PropertySourceLocator.locateCollection(PropertySourceLocator.java:50) ~[spring-cloud-context-4.0.3.jar:4.0.3]
	at org.springframework.cloud.bootstrap.config.PropertySourceLocator.locateCollection(PropertySourceLocator.java:46) ~[spring-cloud-context-4.0.3.jar:4.0.3]
	at org.springframework.cloud.bootstrap.config.PropertySourceBootstrapConfiguration.doInitialize(PropertySourceBootstrapConfiguration.java:121) ~[spring-cloud-context-4.0.3.jar:4.0.3]
	at org.springframework.cloud.bootstrap.config.PropertySourceBootstrapConfiguration.initialize(PropertySourceBootstrapConfiguration.java:111) ~[spring-cloud-context-4.0.3.jar:4.0.3]
	at org.springframework.boot.SpringApplication.applyInitializers(SpringApplication.java:607) ~[spring-boot-3.1.1.jar:3.1.1]
	at org.springframework.boot.SpringApplication.prepareContext(SpringApplication.java:387) ~[spring-boot-3.1.1.jar:3.1.1]
	at org.springframework.boot.SpringApplication.run(SpringApplication.java:311) ~[spring-boot-3.1.1.jar:3.1.1]
	at org.springframework.boot.SpringApplication.run(SpringApplication.java:1306) ~[spring-boot-3.1.1.jar:3.1.1]
	at org.springframework.boot.SpringApplication.run(SpringApplication.java:1295) ~[spring-boot-3.1.1.jar:3.1.1]
	at br.com.matheusotto.SpringBootLocalstackApplication.main(SpringBootLocalstackApplication.java:10) ~[classes/:na]
Caused by: com.amazonaws.services.simplesystemsmanagement.model.AWSSimpleSystemsManagementException: The security token included in the request is invalid. (Service: AWSSimpleSystemsManagement; Status Code: 400; Error Code: UnrecognizedClientException; Request ID: 5cc2f1d4-08ad-4ee7-95e8-47a3f6f0f7ef; Proxy: null)
	at com.amazonaws.http.AmazonHttpClient$RequestExecutor.handleErrorResponse(AmazonHttpClient.java:1879) ~[aws-java-sdk-core-1.12.266.jar:na]
	at com.amazonaws.http.AmazonHttpClient$RequestExecutor.handleServiceErrorResponse(AmazonHttpClient.java:1418) ~[aws-java-sdk-core-1.12.266.jar:na]
	at com.amazonaws.http.AmazonHttpClient$RequestExecutor.executeOneRequest(AmazonHttpClient.java:1387) ~[aws-java-sdk-core-1.12.266.jar:na]
	at com.amazonaws.http.AmazonHttpClient$RequestExecutor.executeHelper(AmazonHttpClient.java:1157) ~[aws-java-sdk-core-1.12.266.jar:na]
	at com.amazonaws.http.AmazonHttpClient$RequestExecutor.doExecute(AmazonHttpClient.java:814) ~[aws-java-sdk-core-1.12.266.jar:na]
	at com.amazonaws.http.AmazonHttpClient$RequestExecutor.executeWithTimer(AmazonHttpClient.java:781) ~[aws-java-sdk-core-1.12.266.jar:na]
	at com.amazonaws.http.AmazonHttpClient$RequestExecutor.execute(AmazonHttpClient.java:755) ~[aws-java-sdk-core-1.12.266.jar:na]
	at com.amazonaws.http.AmazonHttpClient$RequestExecutor.access$500(AmazonHttpClient.java:715) ~[aws-java-sdk-core-1.12.266.jar:na]
	at com.amazonaws.http.AmazonHttpClient$RequestExecutionBuilderImpl.execute(AmazonHttpClient.java:697) ~[aws-java-sdk-core-1.12.266.jar:na]
	at com.amazonaws.http.AmazonHttpClient.execute(AmazonHttpClient.java:561) ~[aws-java-sdk-core-1.12.266.jar:na]
	at com.amazonaws.http.AmazonHttpClient.execute(AmazonHttpClient.java:541) ~[aws-java-sdk-core-1.12.266.jar:na]
	at com.amazonaws.services.simplesystemsmanagement.AWSSimpleSystemsManagementClient.doInvoke(AWSSimpleSystemsManagementClient.java:10857) ~[aws-java-sdk-ssm-1.12.266.jar:na]
	at com.amazonaws.services.simplesystemsmanagement.AWSSimpleSystemsManagementClient.invoke(AWSSimpleSystemsManagementClient.java:10824) ~[aws-java-sdk-ssm-1.12.266.jar:na]
	at com.amazonaws.services.simplesystemsmanagement.AWSSimpleSystemsManagementClient.invoke(AWSSimpleSystemsManagementClient.java:10813) ~[aws-java-sdk-ssm-1.12.266.jar:na]
	at com.amazonaws.services.simplesystemsmanagement.AWSSimpleSystemsManagementClient.executeGetParametersByPath(AWSSimpleSystemsManagementClient.java:6568) ~[aws-java-sdk-ssm-1.12.266.jar:na]
	at com.amazonaws.services.simplesystemsmanagement.AWSSimpleSystemsManagementClient.getParametersByPath(AWSSimpleSystemsManagementClient.java:6537) ~[aws-java-sdk-ssm-1.12.266.jar:na]
	at io.awspring.cloud.paramstore.AwsParamStorePropertySource.getParameters(AwsParamStorePropertySource.java:69) ~[spring-cloud-aws-parameter-store-config-2.4.2.jar:2.4.2]
	at io.awspring.cloud.paramstore.AwsParamStorePropertySource.init(AwsParamStorePropertySource.java:55) ~[spring-cloud-aws-parameter-store-config-2.4.2.jar:2.4.2]
	at io.awspring.cloud.paramstore.AwsParamStorePropertySources.createPropertySource(AwsParamStorePropertySources.java:99) ~[spring-cloud-aws-parameter-store-config-2.4.2.jar:2.4.2]
	... 11 common frames omitted

2023-06-30T14:23:48.362-03:00  INFO 14044 --- [main] i.a.c.p.AwsParamStorePropertySources     : Loading property from AWS Parameter Store with name: /config/null_localstack/, optional: false
2023-06-30T14:23:48.401-03:00 ERROR 14044 --- [main] o.s.boot.SpringApplication               : Application run failed

io.awspring.cloud.paramstore.AwsParamStorePropertySources$AwsParameterPropertySourceNotFoundException: com.amazonaws.services.simplesystemsmanagement.model.AWSSimpleSystemsManagementException: The security token included in the request is invalid. (Service: AWSSimpleSystemsManagement; Status Code: 400; Error Code: UnrecognizedClientException; Request ID: ac4befa5-ec62-48d1-82b6-998f3bc5ba85; Proxy: null)
	at io.awspring.cloud.paramstore.AwsParamStorePropertySources.createPropertySource(AwsParamStorePropertySources.java:105) ~[spring-cloud-aws-parameter-store-config-2.4.2.jar:2.4.2]
	at io.awspring.cloud.paramstore.AwsParamStorePropertySourceLocator.locate(AwsParamStorePropertySourceLocator.java:87) ~[spring-cloud-aws-parameter-store-config-2.4.2.jar:2.4.2]
	at org.springframework.cloud.bootstrap.config.PropertySourceLocator.locateCollection(PropertySourceLocator.java:50) ~[spring-cloud-context-4.0.3.jar:4.0.3]
	at org.springframework.cloud.bootstrap.config.PropertySourceLocator.locateCollection(PropertySourceLocator.java:46) ~[spring-cloud-context-4.0.3.jar:4.0.3]
	at org.springframework.cloud.bootstrap.config.PropertySourceBootstrapConfiguration.doInitialize(PropertySourceBootstrapConfiguration.java:121) ~[spring-cloud-context-4.0.3.jar:4.0.3]
	at org.springframework.cloud.bootstrap.config.PropertySourceBootstrapConfiguration.initialize(PropertySourceBootstrapConfiguration.java:111) ~[spring-cloud-context-4.0.3.jar:4.0.3]
	at org.springframework.boot.SpringApplication.applyInitializers(SpringApplication.java:607) ~[spring-boot-3.1.1.jar:3.1.1]
	at org.springframework.boot.SpringApplication.prepareContext(SpringApplication.java:387) ~[spring-boot-3.1.1.jar:3.1.1]
	at org.springframework.boot.SpringApplication.run(SpringApplication.java:311) ~[spring-boot-3.1.1.jar:3.1.1]
	at org.springframework.boot.SpringApplication.run(SpringApplication.java:1306) ~[spring-boot-3.1.1.jar:3.1.1]
	at org.springframework.boot.SpringApplication.run(SpringApplication.java:1295) ~[spring-boot-3.1.1.jar:3.1.1]
	at br.com.matheusotto.SpringBootLocalstackApplication.main(SpringBootLocalstackApplication.java:10) ~[classes/:na]
Caused by: com.amazonaws.services.simplesystemsmanagement.model.AWSSimpleSystemsManagementException: The security token included in the request is invalid. (Service: AWSSimpleSystemsManagement; Status Code: 400; Error Code: UnrecognizedClientException; Request ID: ac4befa5-ec62-48d1-82b6-998f3bc5ba85; Proxy: null)
	at com.amazonaws.http.AmazonHttpClient$RequestExecutor.handleErrorResponse(AmazonHttpClient.java:1879) ~[aws-java-sdk-core-1.12.266.jar:na]
	at com.amazonaws.http.AmazonHttpClient$RequestExecutor.handleServiceErrorResponse(AmazonHttpClient.java:1418) ~[aws-java-sdk-core-1.12.266.jar:na]
	at com.amazonaws.http.AmazonHttpClient$RequestExecutor.executeOneRequest(AmazonHttpClient.java:1387) ~[aws-java-sdk-core-1.12.266.jar:na]
	at com.amazonaws.http.AmazonHttpClient$RequestExecutor.executeHelper(AmazonHttpClient.java:1157) ~[aws-java-sdk-core-1.12.266.jar:na]
	at com.amazonaws.http.AmazonHttpClient$RequestExecutor.doExecute(AmazonHttpClient.java:814) ~[aws-java-sdk-core-1.12.266.jar:na]
	at com.amazonaws.http.AmazonHttpClient$RequestExecutor.executeWithTimer(AmazonHttpClient.java:781) ~[aws-java-sdk-core-1.12.266.jar:na]
	at com.amazonaws.http.AmazonHttpClient$RequestExecutor.execute(AmazonHttpClient.java:755) ~[aws-java-sdk-core-1.12.266.jar:na]
	at com.amazonaws.http.AmazonHttpClient$RequestExecutor.access$500(AmazonHttpClient.java:715) ~[aws-java-sdk-core-1.12.266.jar:na]
	at com.amazonaws.http.AmazonHttpClient$RequestExecutionBuilderImpl.execute(AmazonHttpClient.java:697) ~[aws-java-sdk-core-1.12.266.jar:na]
	at com.amazonaws.http.AmazonHttpClient.execute(AmazonHttpClient.java:561) ~[aws-java-sdk-core-1.12.266.jar:na]
	at com.amazonaws.http.AmazonHttpClient.execute(AmazonHttpClient.java:541) ~[aws-java-sdk-core-1.12.266.jar:na]
	at com.amazonaws.services.simplesystemsmanagement.AWSSimpleSystemsManagementClient.doInvoke(AWSSimpleSystemsManagementClient.java:10857) ~[aws-java-sdk-ssm-1.12.266.jar:na]
	at com.amazonaws.services.simplesystemsmanagement.AWSSimpleSystemsManagementClient.invoke(AWSSimpleSystemsManagementClient.java:10824) ~[aws-java-sdk-ssm-1.12.266.jar:na]
	at com.amazonaws.services.simplesystemsmanagement.AWSSimpleSystemsManagementClient.invoke(AWSSimpleSystemsManagementClient.java:10813) ~[aws-java-sdk-ssm-1.12.266.jar:na]
	at com.amazonaws.services.simplesystemsmanagement.AWSSimpleSystemsManagementClient.executeGetParametersByPath(AWSSimpleSystemsManagementClient.java:6568) ~[aws-java-sdk-ssm-1.12.266.jar:na]
	at com.amazonaws.services.simplesystemsmanagement.AWSSimpleSystemsManagementClient.getParametersByPath(AWSSimpleSystemsManagementClient.java:6537) ~[aws-java-sdk-ssm-1.12.266.jar:na]
	at io.awspring.cloud.paramstore.AwsParamStorePropertySource.getParameters(AwsParamStorePropertySource.java:69) ~[spring-cloud-aws-parameter-store-config-2.4.2.jar:2.4.2]
	at io.awspring.cloud.paramstore.AwsParamStorePropertySource.init(AwsParamStorePropertySource.java:55) ~[spring-cloud-aws-parameter-store-config-2.4.2.jar:2.4.2]
	at io.awspring.cloud.paramstore.AwsParamStorePropertySources.createPropertySource(AwsParamStorePropertySources.java:99) ~[spring-cloud-aws-parameter-store-config-2.4.2.jar:2.4.2]
	... 11 common frames omitted

2023-06-30T15:10:24.567-03:00  INFO 13664 --- [main] i.a.c.p.AwsParamStorePropertySources     : Loading property from AWS Parameter Store with name: /config/null_localstack/, optional: false
2023-06-30T15:10:24.600-03:00 ERROR 13664 --- [main] o.s.boot.SpringApplication               : Application run failed

io.awspring.cloud.paramstore.AwsParamStorePropertySources$AwsParameterPropertySourceNotFoundException: com.amazonaws.services.simplesystemsmanagement.model.AWSSimpleSystemsManagementException: The security token included in the request is invalid. (Service: AWSSimpleSystemsManagement; Status Code: 400; Error Code: UnrecognizedClientException; Request ID: ce0d3fef-4093-4b84-8431-1305f19237fd; Proxy: null)
	at io.awspring.cloud.paramstore.AwsParamStorePropertySources.createPropertySource(AwsParamStorePropertySources.java:105) ~[spring-cloud-aws-parameter-store-config-2.4.2.jar:2.4.2]
	at io.awspring.cloud.paramstore.AwsParamStorePropertySourceLocator.locate(AwsParamStorePropertySourceLocator.java:87) ~[spring-cloud-aws-parameter-store-config-2.4.2.jar:2.4.2]
	at org.springframework.cloud.bootstrap.config.PropertySourceLocator.locateCollection(PropertySourceLocator.java:50) ~[spring-cloud-context-4.0.3.jar:4.0.3]
	at org.springframework.cloud.bootstrap.config.PropertySourceLocator.locateCollection(PropertySourceLocator.java:46) ~[spring-cloud-context-4.0.3.jar:4.0.3]
	at org.springframework.cloud.bootstrap.config.PropertySourceBootstrapConfiguration.doInitialize(PropertySourceBootstrapConfiguration.java:121) ~[spring-cloud-context-4.0.3.jar:4.0.3]
	at org.springframework.cloud.bootstrap.config.PropertySourceBootstrapConfiguration.initialize(PropertySourceBootstrapConfiguration.java:111) ~[spring-cloud-context-4.0.3.jar:4.0.3]
	at org.springframework.boot.SpringApplication.applyInitializers(SpringApplication.java:607) ~[spring-boot-3.1.1.jar:3.1.1]
	at org.springframework.boot.SpringApplication.prepareContext(SpringApplication.java:387) ~[spring-boot-3.1.1.jar:3.1.1]
	at org.springframework.boot.SpringApplication.run(SpringApplication.java:311) ~[spring-boot-3.1.1.jar:3.1.1]
	at org.springframework.boot.SpringApplication.run(SpringApplication.java:1306) ~[spring-boot-3.1.1.jar:3.1.1]
	at org.springframework.boot.SpringApplication.run(SpringApplication.java:1295) ~[spring-boot-3.1.1.jar:3.1.1]
	at br.com.matheusotto.SpringBootLocalstackApplication.main(SpringBootLocalstackApplication.java:10) ~[classes/:na]
Caused by: com.amazonaws.services.simplesystemsmanagement.model.AWSSimpleSystemsManagementException: The security token included in the request is invalid. (Service: AWSSimpleSystemsManagement; Status Code: 400; Error Code: UnrecognizedClientException; Request ID: ce0d3fef-4093-4b84-8431-1305f19237fd; Proxy: null)
	at com.amazonaws.http.AmazonHttpClient$RequestExecutor.handleErrorResponse(AmazonHttpClient.java:1879) ~[aws-java-sdk-core-1.12.266.jar:na]
	at com.amazonaws.http.AmazonHttpClient$RequestExecutor.handleServiceErrorResponse(AmazonHttpClient.java:1418) ~[aws-java-sdk-core-1.12.266.jar:na]
	at com.amazonaws.http.AmazonHttpClient$RequestExecutor.executeOneRequest(AmazonHttpClient.java:1387) ~[aws-java-sdk-core-1.12.266.jar:na]
	at com.amazonaws.http.AmazonHttpClient$RequestExecutor.executeHelper(AmazonHttpClient.java:1157) ~[aws-java-sdk-core-1.12.266.jar:na]
	at com.amazonaws.http.AmazonHttpClient$RequestExecutor.doExecute(AmazonHttpClient.java:814) ~[aws-java-sdk-core-1.12.266.jar:na]
	at com.amazonaws.http.AmazonHttpClient$RequestExecutor.executeWithTimer(AmazonHttpClient.java:781) ~[aws-java-sdk-core-1.12.266.jar:na]
	at com.amazonaws.http.AmazonHttpClient$RequestExecutor.execute(AmazonHttpClient.java:755) ~[aws-java-sdk-core-1.12.266.jar:na]
	at com.amazonaws.http.AmazonHttpClient$RequestExecutor.access$500(AmazonHttpClient.java:715) ~[aws-java-sdk-core-1.12.266.jar:na]
	at com.amazonaws.http.AmazonHttpClient$RequestExecutionBuilderImpl.execute(AmazonHttpClient.java:697) ~[aws-java-sdk-core-1.12.266.jar:na]
	at com.amazonaws.http.AmazonHttpClient.execute(AmazonHttpClient.java:561) ~[aws-java-sdk-core-1.12.266.jar:na]
	at com.amazonaws.http.AmazonHttpClient.execute(AmazonHttpClient.java:541) ~[aws-java-sdk-core-1.12.266.jar:na]
	at com.amazonaws.services.simplesystemsmanagement.AWSSimpleSystemsManagementClient.doInvoke(AWSSimpleSystemsManagementClient.java:10857) ~[aws-java-sdk-ssm-1.12.266.jar:na]
	at com.amazonaws.services.simplesystemsmanagement.AWSSimpleSystemsManagementClient.invoke(AWSSimpleSystemsManagementClient.java:10824) ~[aws-java-sdk-ssm-1.12.266.jar:na]
	at com.amazonaws.services.simplesystemsmanagement.AWSSimpleSystemsManagementClient.invoke(AWSSimpleSystemsManagementClient.java:10813) ~[aws-java-sdk-ssm-1.12.266.jar:na]
	at com.amazonaws.services.simplesystemsmanagement.AWSSimpleSystemsManagementClient.executeGetParametersByPath(AWSSimpleSystemsManagementClient.java:6568) ~[aws-java-sdk-ssm-1.12.266.jar:na]
	at com.amazonaws.services.simplesystemsmanagement.AWSSimpleSystemsManagementClient.getParametersByPath(AWSSimpleSystemsManagementClient.java:6537) ~[aws-java-sdk-ssm-1.12.266.jar:na]
	at io.awspring.cloud.paramstore.AwsParamStorePropertySource.getParameters(AwsParamStorePropertySource.java:69) ~[spring-cloud-aws-parameter-store-config-2.4.2.jar:2.4.2]
	at io.awspring.cloud.paramstore.AwsParamStorePropertySource.init(AwsParamStorePropertySource.java:55) ~[spring-cloud-aws-parameter-store-config-2.4.2.jar:2.4.2]
	at io.awspring.cloud.paramstore.AwsParamStorePropertySources.createPropertySource(AwsParamStorePropertySources.java:99) ~[spring-cloud-aws-parameter-store-config-2.4.2.jar:2.4.2]
	... 11 common frames omitted

